[2020-06-11T16:28:53.527543+02:00] slim-app.INFO: Users list was viewed. [] {"uid":"d22fe1d"}
[2020-06-12T00:19:16.359964+02:00] slim-app.INFO: Users list was viewed. [] {"uid":"05da145"}
[2020-06-13T18:17:32.003335+02:00] slim-app.INFO: body [] {"uid":"ff403c6"}
[2020-06-13T18:17:32.005174+02:00] slim-app.INFO: {     "name": "test" } [] {"uid":"ff403c6"}
[2020-06-13T18:18:49.962805+02:00] slim-app.INFO: body [] {"uid":"0b1183d"}
[2020-06-13T18:18:49.964418+02:00] slim-app.INFO: {     "name": "test" } [] {"uid":"0b1183d"}
[2020-06-13T18:20:15.530113+02:00] slim-app.DEBUG: body [] {"uid":"2b372d2"}
[2020-06-13T18:20:15.531722+02:00] slim-app.WARNING: {     "name": "test" } [] {"uid":"2b372d2"}
[2020-06-13T18:20:16.634584+02:00] slim-app.DEBUG: body [] {"uid":"75f27be"}
[2020-06-13T18:20:16.634781+02:00] slim-app.WARNING: {     "name": "test" } [] {"uid":"75f27be"}
[2020-06-13T18:20:17.122439+02:00] slim-app.DEBUG: body [] {"uid":"b2baf4e"}
[2020-06-13T18:20:17.122632+02:00] slim-app.WARNING: {     "name": "test" } [] {"uid":"b2baf4e"}
[2020-06-13T18:29:29.827756+02:00] slim-app.DEBUG: body [] {"uid":"553c963"}
[2020-06-13T18:29:29.830115+02:00] slim-app.WARNING: Array [] {"uid":"553c963"}
[2020-06-13T18:29:44.516833+02:00] slim-app.DEBUG: body [] {"uid":"42cd4a9"}
[2020-06-13T18:29:44.518950+02:00] slim-app.WARNING:  [] {"uid":"42cd4a9"}
[2020-06-13T18:30:43.849744+02:00] slim-app.DEBUG: body [] {"uid":"dc1bff0"}
[2020-06-13T18:30:43.851541+02:00] slim-app.WARNING: test [] {"uid":"dc1bff0"}
[2020-06-13T18:32:08.961759+02:00] slim-app.INFO: Create chapter [] {"uid":"4a9f55d"}
[2020-06-13T18:32:23.511779+02:00] slim-app.INFO: Create chapter [] {"uid":"abad511"}
[2020-06-13T18:42:18.012045+02:00] slim-app.INFO: Chapter of id `15` was viewed. [] {"uid":"2bb9e6b"}
[2020-06-13T18:49:18.970513+02:00] slim-app.INFO: Chapter of id `1` was viewed. [] {"uid":"48103d1"}
[2020-06-14T19:17:44.334974+02:00] slim-app.INFO: User of id `{"id":1,"username":"user","created_at":"2020-06-14T17:02:25.000000Z","updated_at":"2020-06-14T17:02:25.000000Z","token":"eyJ0eXAiOiJKV1QiLCJhbGciOiJIUzI1NiJ9.eyJpYXQiOjE1OTIxNTUwNjQsImV4cCI6MTU5MjE2MjI2NCwianRpIjoiN1NWc1ExNjdySE9uZjJJbkVScERhdyIsInN1YiI6MSwic2NvcGUiOlsiY2hhcHRlci5jcmVhdGUiLCJjaGFwdGVyLnJlYWQiLCJjaGFwdGVyLnVwZGF0ZSIsImNoYXB0ZXIuZGVsZXRlIiwiY2hhcHRlci5saXN0IiwiY2hhcHRlci5hbGwiXX0.su4DeqRF4uRSSsJEEZISR9CMYGhjJcbpKDgktvPaLMc","expires":1592162264}` logged in. [] {"uid":"45957ec"}
[2020-06-14T19:18:06.671080+02:00] slim-app.INFO: User of id `{"id":1,"username":"user","created_at":"2020-06-14T17:02:25.000000Z","updated_at":"2020-06-14T17:02:25.000000Z","token":"eyJ0eXAiOiJKV1QiLCJhbGciOiJIUzI1NiJ9.eyJpYXQiOjE1OTIxNTUwODYsImV4cCI6MTU5MjE2MjI4NiwianRpIjoiMlNyR21WOFV4M2ptZWJ5NHVEU0FwciIsInN1YiI6MSwic2NvcGUiOlsiY2hhcHRlci5jcmVhdGUiLCJjaGFwdGVyLnJlYWQiLCJjaGFwdGVyLnVwZGF0ZSIsImNoYXB0ZXIuZGVsZXRlIiwiY2hhcHRlci5saXN0IiwiY2hhcHRlci5hbGwiXX0.BALuBIVv0Lzl15o6M6pXebWl4d-9R9DJR9oygkqpR18","expires":1592162286}` logged in. [] {"uid":"71bf729"}
[2020-06-16T00:17:22.286530+02:00] slim-app.INFO: Chapter of id `1` was viewed. [] {"uid":"93766dd"}
[2020-06-16T00:28:55.476862+02:00] slim-app.INFO: Chapter of id `1` was viewed. [] {"uid":"167b827"}
[2020-06-16T00:33:17.383269+02:00] slim-app.INFO: Chapter of id `1` was viewed. [] {"uid":"768607d"}
[2020-06-16T00:33:20.116526+02:00] slim-app.INFO: Chapter of id `1` was updated. [] {"uid":"01110c0"}
[2020-06-16T00:33:22.005499+02:00] slim-app.INFO: Chapter of id `1` was viewed. [] {"uid":"1532b0f"}
[2020-06-16T00:33:27.260510+02:00] slim-app.INFO: Chapter of id `1` was viewed. [] {"uid":"1876b38"}
[2020-06-16T00:37:33.001807+02:00] slim-app.INFO: Chapter of id `1` was updated. [] {"uid":"eca696c"}
[2020-06-16T00:37:56.094974+02:00] slim-app.INFO: Chapter of id `1` was updated. [] {"uid":"d919f0f"}
[2020-06-16T00:37:56.684990+02:00] slim-app.INFO: Chapter of id `1` was updated. [] {"uid":"d4cb06e"}
[2020-06-16T00:38:01.730915+02:00] slim-app.INFO: Chapter of id `1` was updated. [] {"uid":"860eb85"}
[2020-06-16T00:38:05.660285+02:00] slim-app.INFO: Chapter of id `1` was updated. [] {"uid":"61523e5"}
[2020-06-16T00:39:30.279869+02:00] slim-app.INFO: Chapter of id `1` was updated. [] {"uid":"af01d6d"}
[2020-06-16T00:39:37.759609+02:00] slim-app.INFO: Chapter of id `1` was updated. [] {"uid":"2beec14"}
[2020-06-16T00:39:40.980538+02:00] slim-app.INFO: User of id `{"id":1,"username":"user","created_at":"2020-06-14T17:02:25.000000Z","updated_at":"2020-06-14T17:02:25.000000Z","token":"eyJ0eXAiOiJKV1QiLCJhbGciOiJIUzI1NiJ9.eyJpYXQiOjE1OTIyNjA3ODAsImV4cCI6MTU5MjI2Nzk4MCwianRpIjoiMmNzV2hDOU1pUHFPUWVSeU9VbTc3ViIsInN1YiI6MSwic2NvcGUiOlsiY2hhcHRlci5jcmVhdGUiLCJjaGFwdGVyLnJlYWQiLCJjaGFwdGVyLnVwZGF0ZSIsImNoYXB0ZXIuZGVsZXRlIiwiY2hhcHRlci5saXN0IiwiY2hhcHRlci5hbGwiXX0.gwgwrIDdHCRt0d4IjepRFS9DrJTdPU4F0b5PLPK3fHM","expires":1592267980}` logged in. [] {"uid":"59c8fd8"}
[2020-06-16T01:06:26.535138+02:00] slim-app.INFO: User of id `{"id":1,"username":"user","created_at":"2020-06-14T17:02:25.000000Z","updated_at":"2020-06-14T17:02:25.000000Z","token":"eyJ0eXAiOiJKV1QiLCJhbGciOiJIUzI1NiJ9.eyJpYXQiOjE1OTIyNjIzODYsImV4cCI6MTU5MjI2OTU4NiwianRpIjoiNjl4ano5TWNFM2pIQlFlQlNubXRCVSIsInN1YiI6MSwic2NvcGUiOlsiY2hhcHRlci5jcmVhdGUiLCJjaGFwdGVyLnJlYWQiLCJjaGFwdGVyLnVwZGF0ZSIsImNoYXB0ZXIuZGVsZXRlIiwiY2hhcHRlci5saXN0IiwiY2hhcHRlci5hbGwiXX0.HnW8yaytZY9FKddWiH4OKU91DncbiJscjT6XVS5y9Oo","expires":1592269586}` logged in. [] {"uid":"0bf1e2f"}
[2020-06-16T01:06:47.408388+02:00] slim-app.INFO: Create chapter [] {"uid":"3dfcab2"}
[2020-06-16T01:34:58.837682+02:00] slim-app.INFO: Create chapter [] {"uid":"70d1c6b"}
[2020-06-16T01:35:14.249380+02:00] slim-app.INFO: Create chapter [] {"uid":"2ab85dc"}
[2020-06-16T01:37:22.294090+02:00] slim-app.INFO: Create chapter [] {"uid":"092fe93"}
[2020-06-16T01:38:23.516232+02:00] slim-app.INFO: Create chapter [] {"uid":"0af50f2"}
[2020-06-16T01:39:35.162736+02:00] slim-app.INFO: Create chapter [] {"uid":"002c4d8"}
[2020-06-16T01:40:50.154498+02:00] slim-app.INFO: Create chapter [] {"uid":"17494a3"}
[2020-06-16T01:40:50.185001+02:00] slim-app.INFO:  [] {"uid":"17494a3"}
[2020-06-16T01:41:23.075844+02:00] slim-app.INFO: Create chapter [] {"uid":"8f379cd"}
[2020-06-16T01:41:23.094914+02:00] slim-app.INFO:  [] {"uid":"8f379cd"}
[2020-06-16T01:42:35.691188+02:00] slim-app.INFO: Create chapter [] {"uid":"d5a3cd1"}
[2020-06-16T01:42:35.693562+02:00] slim-app.INFO: 111111111 [] {"uid":"d5a3cd1"}
[2020-06-16T01:42:35.695945+02:00] slim-app.INFO: aaaaaaaa [] {"uid":"d5a3cd1"}
[2020-06-16T01:42:35.713423+02:00] slim-app.INFO:  [] {"uid":"d5a3cd1"}
[2020-06-16T01:44:04.652415+02:00] slim-app.INFO: Create chapter [] {"uid":"79b8ad6"}
[2020-06-16T01:44:04.654656+02:00] slim-app.INFO: 111111111 [] {"uid":"79b8ad6"}
[2020-06-16T01:44:04.654696+02:00] slim-app.INFO: 2222222 [] {"uid":"79b8ad6"}
[2020-06-16T01:44:04.654723+02:00] slim-app.INFO: 3333333 [] {"uid":"79b8ad6"}
[2020-06-16T01:44:07.845056+02:00] slim-app.INFO: Create chapter [] {"uid":"1c90322"}
[2020-06-16T01:44:07.845292+02:00] slim-app.INFO: 111111111 [] {"uid":"1c90322"}
[2020-06-16T01:44:07.845330+02:00] slim-app.INFO: aaaaaaaa [] {"uid":"1c90322"}
[2020-06-16T01:44:07.845418+02:00] slim-app.INFO:  [] {"uid":"1c90322"}
[2020-06-16T01:44:07.862775+02:00] slim-app.INFO:  [] {"uid":"1c90322"}
[2020-06-16T01:44:10.846519+02:00] slim-app.INFO: Create chapter [] {"uid":"e3ff9f2"}
[2020-06-16T01:44:10.846771+02:00] slim-app.INFO: 111111111 [] {"uid":"e3ff9f2"}
[2020-06-16T01:44:10.846808+02:00] slim-app.INFO: aaaaaaaa [] {"uid":"e3ff9f2"}
[2020-06-16T01:44:10.846913+02:00] slim-app.INFO:  [] {"uid":"e3ff9f2"}
[2020-06-16T01:44:10.874437+02:00] slim-app.INFO:  [] {"uid":"e3ff9f2"}
[2020-06-16T01:44:14.597051+02:00] slim-app.INFO: Create chapter [] {"uid":"70c6b71"}
[2020-06-16T01:44:14.597513+02:00] slim-app.INFO: 111111111 [] {"uid":"70c6b71"}
[2020-06-16T01:44:14.597559+02:00] slim-app.INFO: 2222222 [] {"uid":"70c6b71"}
[2020-06-16T01:44:14.597591+02:00] slim-app.INFO: bbbbbbbb [] {"uid":"70c6b71"}
[2020-06-16T01:44:14.621552+02:00] slim-app.INFO:  [] {"uid":"70c6b71"}
[2020-06-16T01:44:16.679650+02:00] slim-app.INFO: Create chapter [] {"uid":"0feafee"}
[2020-06-16T01:44:16.679970+02:00] slim-app.INFO: 111111111 [] {"uid":"0feafee"}
[2020-06-16T01:44:16.680051+02:00] slim-app.INFO: 2222222 [] {"uid":"0feafee"}
[2020-06-16T01:44:16.680391+02:00] slim-app.INFO: 3333333 [] {"uid":"0feafee"}
[2020-06-16T01:45:10.921754+02:00] slim-app.INFO: Chapter of id `1` was updated. [] {"uid":"3af7d82"}
[2020-06-16T01:45:23.321407+02:00] slim-app.INFO: Chapter of id `1` was updated. [] {"uid":"287d6e3"}
[2020-06-16T02:02:59.715078+02:00] slim-app.INFO: Chapter of id `1` was viewed. [] {"uid":"272f200"}
[2020-06-16T02:03:06.617538+02:00] slim-app.INFO: Chapter of id `1` was updated. [] {"uid":"1a784eb"}
[2020-06-16T02:03:09.093311+02:00] slim-app.INFO: Chapter of id `1` was viewed. [] {"uid":"7da5718"}
[2020-06-16T21:58:58.429454+02:00] slim-app.INFO: Chapter of id `1` was viewed. [] {"uid":"10b74cd"}
[2020-06-16T22:01:38.142712+02:00] slim-app.INFO: Chapter of id `1` was viewed. [] {"uid":"abbe5f2"}
[2020-06-16T22:24:42.747998+02:00] slim-app.INFO: Create media [] {"uid":"e53a77e"}
[2020-06-16T22:28:03.734078+02:00] slim-app.INFO: Create media [] {"uid":"0e55d5b"}
[2020-06-16T22:30:05.406656+02:00] slim-app.INFO: Create media [] {"uid":"fa69b61"}
[2020-06-16T22:42:24.437111+02:00] slim-app.INFO: Create chapter [] {"uid":"886f4a3"}
[2020-06-16T22:42:32.690457+02:00] slim-app.INFO: Chapter of id `1` was viewed. [] {"uid":"6e27d6a"}
[2020-06-16T22:42:34.914615+02:00] slim-app.INFO: Chapter of id `1` was viewed. [] {"uid":"f90aa69"}
[2020-06-16T22:42:41.959607+02:00] slim-app.INFO: Create media [] {"uid":"f7f4504"}
[2020-06-16T22:43:20.071110+02:00] slim-app.INFO: Create media [] {"uid":"7e9b8aa"}
[2020-06-16T22:43:28.731247+02:00] slim-app.INFO: Chapter of id `1` was viewed. [] {"uid":"2107097"}
[2020-06-16T22:43:32.116214+02:00] slim-app.INFO: Chapter of id `1` was viewed. [] {"uid":"b41010c"}
[2020-06-16T23:40:31.010351+02:00] slim-app.INFO: Media of id `2` was deleted. [] {"uid":"30b6559"}
[2020-06-16T23:40:38.099244+02:00] slim-app.INFO: Create media [] {"uid":"394982c"}
[2020-06-16T23:40:38.540937+02:00] slim-app.INFO: Create media [] {"uid":"17435a3"}
[2020-06-16T23:40:48.326062+02:00] slim-app.INFO: Media of id `3` was deleted. [] {"uid":"7a75746"}
[2020-06-16T23:40:51.716365+02:00] slim-app.INFO: Media of id `4` was deleted. [] {"uid":"1991d13"}
[2020-06-16T23:44:29.039747+02:00] slim-app.INFO: Create media [] {"uid":"935cc4f"}
[2020-06-16T23:48:00.323751+02:00] slim-app.INFO: Chapter of id `1` was viewed. [] {"uid":"6efa716"}
[2020-06-16T23:48:17.077341+02:00] slim-app.INFO: Create media [] {"uid":"e46a118"}
[2020-06-16T23:48:49.978733+02:00] slim-app.INFO: Media of id `6` was updated. [] {"uid":"7e26e88"}
[2020-06-17T00:29:13.438101+02:00] slim-app.INFO: Chapter of id `1` was viewed. [] {"uid":"960cd10"}
[2020-06-17T01:21:26.649523+02:00] slim-app.INFO: User of id `{"id":1,"login":"elyas","created_at":"2020-06-16T23:18:29.000000Z","updated_at":"2020-06-16T23:18:29.000000Z","token":"eyJ0eXAiOiJKV1QiLCJhbGciOiJIUzI1NiJ9.eyJpYXQiOjE1OTIzNDk2ODYsImV4cCI6MTU5MjM1Njg4NiwianRpIjoiTVlUUFhkWDNnb0kwVXV4WmdxZGY4Iiwic3ViIjoxLCJzY29wZSI6WyJjaGFwdGVyLmNyZWF0ZSIsImNoYXB0ZXIucmVhZCIsImNoYXB0ZXIudXBkYXRlIiwiY2hhcHRlci5kZWxldGUiLCJjaGFwdGVyLmxpc3QiLCJjaGFwdGVyLmFsbCJdfQ.SVCqfDLt5PK9hRV4Uc6HKFx7qwu8L2DHMBtbN4_evtI","expires":1592356886}` logged in. [] {"uid":"501601c"}
[2020-06-17T01:21:38.486765+02:00] slim-app.INFO: Create chapter [] {"uid":"b728f6f"}
[2020-06-17T01:24:34.300849+02:00] slim-app.INFO: Chapter of id `1` was viewed. [] {"uid":"af128e8"}
[2020-06-17T01:25:52.349282+02:00] slim-app.INFO: Chapter of id `1` was viewed. [] {"uid":"cb6ce5c"}
[2020-06-17T01:26:03.435858+02:00] slim-app.INFO: Create chapter [] {"uid":"315fa49"}
[2020-06-17T01:27:18.607116+02:00] slim-app.INFO: Chapter of id `1` was updated. [] {"uid":"00af193"}
[2020-06-17T01:27:24.570609+02:00] slim-app.INFO: Chapter of id `1` was updated. [] {"uid":"d523a21"}
[2020-06-17T01:27:27.566157+02:00] slim-app.INFO: Chapter of id `1` was updated. [] {"uid":"c1077f7"}
[2020-06-17T01:27:54.001801+02:00] slim-app.INFO: Chapter of id `1` was updated. [] {"uid":"b363478"}
[2020-06-17T01:28:12.373825+02:00] slim-app.INFO: Chapter of id `1` was viewed. [] {"uid":"b1f026c"}
[2020-06-17T01:30:47.593570+02:00] slim-app.INFO: Create media [] {"uid":"44984e0"}
[2020-06-17T01:31:00.319688+02:00] slim-app.INFO: Create media [] {"uid":"fcc9aaf"}
[2020-06-17T01:31:31.905700+02:00] slim-app.INFO: Create media [] {"uid":"f175deb"}
[2020-06-17T01:31:32.754980+02:00] slim-app.INFO: Create media [] {"uid":"9b06d5f"}
[2020-06-17T01:31:58.056575+02:00] slim-app.INFO: Media of id `4` was deleted. [] {"uid":"21d84fa"}
[2020-06-17T01:32:13.592266+02:00] slim-app.INFO: Create media [] {"uid":"b548443"}
[2020-06-17T01:32:26.626837+02:00] slim-app.INFO: Chapter of id `2` was deleted. [] {"uid":"0c64fd6"}
[2020-06-17T01:32:41.575267+02:00] slim-app.INFO: Chapter of id `1` was updated. [] {"uid":"b3ca724"}
[2020-06-17T01:32:50.146286+02:00] slim-app.INFO: Chapter of id `1` was updated. [] {"uid":"3c85133"}
[2020-06-17T01:32:53.770722+02:00] slim-app.INFO: Create media [] {"uid":"fb40df3"}
[2020-06-17T01:32:56.985923+02:00] slim-app.INFO: Create media [] {"uid":"c658949"}
[2020-06-17T01:33:10.728743+02:00] slim-app.INFO: Media of id `6` was updated. [] {"uid":"71e7c4d"}
[2020-06-17T01:33:17.863737+02:00] slim-app.INFO: Media of id `6` was updated. [] {"uid":"6f1bddd"}
[2020-06-17T01:33:21.005058+02:00] slim-app.INFO: Media of id `6` was updated. [] {"uid":"cb6c5d3"}
[2020-06-17T01:34:44.001614+02:00] slim-app.INFO: Create media [] {"uid":"df82078"}
[2020-06-17T01:34:59.422279+02:00] slim-app.INFO: Create media [] {"uid":"c9848ae"}
[2020-06-17T01:35:03.239033+02:00] slim-app.INFO: Create media [] {"uid":"24e59e0"}
[2020-06-17T01:35:07.956442+02:00] slim-app.INFO: Media of id `6` was updated. [] {"uid":"a818cab"}
[2020-06-17T01:35:10.623781+02:00] slim-app.INFO: Media of id `6` was updated. [] {"uid":"537acea"}
[2020-06-17T01:35:12.624260+02:00] slim-app.INFO: Media of id `6` was updated. [] {"uid":"8d0a5d4"}
[2020-06-17T01:35:23.133383+02:00] slim-app.INFO: Media of id `6` was updated. [] {"uid":"dc485a0"}
[2020-06-17T01:39:47.182303+02:00] slim-app.INFO: Media of id `6` was updated. [] {"uid":"21895ff"}
[2020-06-17T01:39:57.107943+02:00] slim-app.INFO: Create media [] {"uid":"13a6bd6"}
[2020-06-17T01:40:03.504145+02:00] slim-app.INFO: Create media [] {"uid":"6ddc9f2"}
[2020-06-17T01:40:06.585211+02:00] slim-app.INFO: Create media [] {"uid":"2f330b5"}
[2020-06-17T01:40:10.235281+02:00] slim-app.INFO: Create media [] {"uid":"ba5cc74"}
[2020-06-17T14:01:17.920786+02:00] slim-app.INFO: User of id `{"id":1,"login":"elyas","created_at":"2020-06-16T23:18:29.000000Z","updated_at":"2020-06-16T23:18:29.000000Z","token":"eyJ0eXAiOiJKV1QiLCJhbGciOiJIUzI1NiJ9.eyJpYXQiOjE1OTIzOTUyNzcsImV4cCI6MTU5MjQwMjQ3NywianRpIjoiNDE3Q3hKc2xzeXVwTDVOcmVQNzQ3ZiIsInN1YiI6MSwic2NvcGUiOlsiY2hhcHRlci5jcmVhdGUiLCJjaGFwdGVyLnJlYWQiLCJjaGFwdGVyLnVwZGF0ZSIsImNoYXB0ZXIuZGVsZXRlIiwiY2hhcHRlci5saXN0IiwiY2hhcHRlci5hbGwiXX0.7KX-FMbc8rnJRMYPv04WfAzSiOsNI5P9h3fuFcjPBiA","expires":1592402477}` logged in. [] {"uid":"256caf7"}
[2020-06-17T14:01:50.111476+02:00] slim-app.INFO: User of id `{"id":1,"login":"elyas","created_at":"2020-06-16T23:18:29.000000Z","updated_at":"2020-06-16T23:18:29.000000Z","token":"eyJ0eXAiOiJKV1QiLCJhbGciOiJIUzI1NiJ9.eyJpYXQiOjE1OTIzOTUzMTAsImV4cCI6MTU5MjQwMjUxMCwianRpIjoiMkdkTEVRWjNLa1BlOTlqc0laWmlJVyIsInN1YiI6MSwic2NvcGUiOlsiY2hhcHRlci5jcmVhdGUiLCJjaGFwdGVyLnJlYWQiLCJjaGFwdGVyLnVwZGF0ZSIsImNoYXB0ZXIuZGVsZXRlIiwiY2hhcHRlci5saXN0IiwiY2hhcHRlci5hbGwiXX0.eJLmAc5Fp6G5E-0rC1oYJia03ooTIwXk0fkeAVnCUpo","expires":1592402510}` logged in. [] {"uid":"2862254"}
[2020-06-17T14:01:51.003811+02:00] slim-app.INFO: User of id `{"id":1,"login":"elyas","created_at":"2020-06-16T23:18:29.000000Z","updated_at":"2020-06-16T23:18:29.000000Z","token":"eyJ0eXAiOiJKV1QiLCJhbGciOiJIUzI1NiJ9.eyJpYXQiOjE1OTIzOTUzMTEsImV4cCI6MTU5MjQwMjUxMSwianRpIjoiNldadnFYdERMVlRLRTR1TkFnWmRhYSIsInN1YiI6MSwic2NvcGUiOlsiY2hhcHRlci5jcmVhdGUiLCJjaGFwdGVyLnJlYWQiLCJjaGFwdGVyLnVwZGF0ZSIsImNoYXB0ZXIuZGVsZXRlIiwiY2hhcHRlci5saXN0IiwiY2hhcHRlci5hbGwiXX0.9iW78g3V3jkE7I7_-ArOCsm-7UK_oFa-KHmpw0GKx58","expires":1592402511}` logged in. [] {"uid":"df7f3fe"}
[2020-06-17T14:01:51.377542+02:00] slim-app.INFO: User of id `{"id":1,"login":"elyas","created_at":"2020-06-16T23:18:29.000000Z","updated_at":"2020-06-16T23:18:29.000000Z","token":"eyJ0eXAiOiJKV1QiLCJhbGciOiJIUzI1NiJ9.eyJpYXQiOjE1OTIzOTUzMTEsImV4cCI6MTU5MjQwMjUxMSwianRpIjoiMUVXWDU4ZWxwckRwR0dEeFlMWmtsUiIsInN1YiI6MSwic2NvcGUiOlsiY2hhcHRlci5jcmVhdGUiLCJjaGFwdGVyLnJlYWQiLCJjaGFwdGVyLnVwZGF0ZSIsImNoYXB0ZXIuZGVsZXRlIiwiY2hhcHRlci5saXN0IiwiY2hhcHRlci5hbGwiXX0.LB383ubX2R6GdQCKIQqG7B9hq9kUVZvsLev17E9-Nbw","expires":1592402511}` logged in. [] {"uid":"be52453"}
[2020-06-17T14:03:49.357513+02:00] slim-app.INFO: User of id `{"id":1,"login":"elyas","created_at":"2020-06-16T23:18:29.000000Z","updated_at":"2020-06-16T23:18:29.000000Z","token":"eyJ0eXAiOiJKV1QiLCJhbGciOiJIUzI1NiJ9.eyJpYXQiOjE1OTIzOTU0MjksImV4cCI6MTU5MjQwMjYyOSwianRpIjoiNk9PVTFCajVoazRzWjZscFZnQTRlWCIsInN1YiI6MSwic2NvcGUiOlsiY2hhcHRlci5jcmVhdGUiLCJjaGFwdGVyLnJlYWQiLCJjaGFwdGVyLnVwZGF0ZSIsImNoYXB0ZXIuZGVsZXRlIiwiY2hhcHRlci5saXN0IiwiY2hhcHRlci5hbGwiXX0.vbzc4jG_RL9qV2G2IGYaiLFA34hSxOoteVAtqe-NQdU","expires":1592402629}` logged in. [] {"uid":"56fe023"}
[2020-06-17T14:03:56.041685+02:00] slim-app.INFO: Media of id `8` was deleted. [] {"uid":"9e0780e"}
[2020-06-17T14:03:58.031254+02:00] slim-app.INFO: Media of id `7` was deleted. [] {"uid":"d774edf"}
[2020-06-17T14:03:59.615044+02:00] slim-app.INFO: Media of id `6` was deleted. [] {"uid":"dd8fad6"}
[2020-06-17T14:04:10.744626+02:00] slim-app.INFO: Media of id `3` was deleted. [] {"uid":"352a942"}
[2020-06-17T14:04:12.256957+02:00] slim-app.INFO: Chapter of id `1` was viewed. [] {"uid":"c8db50b"}
[2020-06-17T14:04:31.261468+02:00] slim-app.INFO: Media of id `9` was deleted. [] {"uid":"d21c956"}
[2020-06-17T14:05:04.005742+02:00] slim-app.INFO: Create chapter [] {"uid":"d99c102"}
[2020-06-17T17:19:35.453439+02:00] slim-app.INFO: User of id `{"id":1,"login":"elyas","created_at":"2020-06-16T23:18:29.000000Z","updated_at":"2020-06-16T23:18:29.000000Z","token":"eyJ0eXAiOiJKV1QiLCJhbGciOiJIUzI1NiJ9.eyJpYXQiOjE1OTI0MDcxNzUsImV4cCI6MTU5MjQxNDM3NSwianRpIjoiNFNBSGNUeVRhdzBwbzU4ZU1iVTNwdiIsInN1YiI6MSwic2NvcGUiOlsiY2hhcHRlci5jcmVhdGUiLCJjaGFwdGVyLnJlYWQiLCJjaGFwdGVyLnVwZGF0ZSIsImNoYXB0ZXIuZGVsZXRlIiwiY2hhcHRlci5saXN0IiwiY2hhcHRlci5hbGwiXX0.g_XrRaBFhurnrygq7PLwreUrt-zPDbvgyPJzNdR9kfg","expires":1592414375}` logged in. [] {"uid":"dda4b16"}
[2020-06-17T17:19:51.026931+02:00] slim-app.INFO: Create chapter [] {"uid":"7396446"}
[2020-06-17T17:19:53.567745+02:00] slim-app.INFO: Create chapter [] {"uid":"d3d0b7e"}
[2020-06-17T17:19:56.048071+02:00] slim-app.INFO: Create chapter [] {"uid":"b43457a"}
[2020-06-17T17:19:58.117870+02:00] slim-app.INFO: Create chapter [] {"uid":"b33e0e8"}
[2020-06-17T17:20:20.913136+02:00] slim-app.INFO: Chapter of id `1` was updated. [] {"uid":"382f8bf"}
[2020-06-17T17:20:30.850203+02:00] slim-app.INFO: Chapter of id `1` was updated. [] {"uid":"1fb6520"}
[2020-06-17T17:20:37.679378+02:00] slim-app.INFO: Chapter of id `1` was updated. [] {"uid":"399dd74"}
[2020-06-17T17:20:46.623502+02:00] slim-app.INFO: Create media [] {"uid":"df0ba2f"}
[2020-06-17T17:21:25.578429+02:00] slim-app.INFO: Create media [] {"uid":"30d2a52"}
[2020-06-17T17:21:29.445893+02:00] slim-app.INFO: Create media [] {"uid":"f587890"}
[2020-06-17T17:22:15.684063+02:00] slim-app.INFO: Media of id `10` was updated. [] {"uid":"73534af"}
[2020-06-17T17:22:18.299302+02:00] slim-app.INFO: Media of id `10` was updated. [] {"uid":"a3a430d"}
